<?xml version="1.0" encoding="UTF-8"?>
<testng-results ignored="0" total="3" passed="3" failed="0" skipped="0">
  <reporter-output>
  </reporter-output>
  <suite started-at="2026-02-24T03:43:58 IST" name="Default suite" finished-at="2026-02-24T03:45:44 IST" duration-ms="105785">
    <groups>
      <group name="cucumber">
        <method signature="AbstractTestNGCucumberTests.runScenario(io.cucumber.testng.PickleWrapper,io.cucumber.testng.FeatureWrapper)[pri:0, instance:Runner.TestRunner@2925bf5b]" name="runScenario" class="io.cucumber.testng.AbstractTestNGCucumberTests"/>
      </group> <!-- cucumber -->
    </groups>
    <test started-at="2026-02-24T03:43:58 IST" name="Default test" finished-at="2026-02-24T03:45:44 IST" duration-ms="105785">
      <class name="Runner.TestRunner">
        <test-method is-config="true" signature="setUpClass(org.testng.ITestContext)[pri:0, instance:Runner.TestRunner@2925bf5b]" started-at="2026-02-24T03:43:58 IST" name="setUpClass" finished-at="2026-02-24T03:43:59 IST" duration-ms="846" status="PASS">
          <params>
            <param index="0">
              <value>
                <![CDATA[org.testng.TestRunner@3009eed7]]>
              </value>
            </param>
          </params>
          <reporter-output>
          </reporter-output>
        </test-method> <!-- setUpClass -->
        <test-method signature="runScenario(io.cucumber.testng.PickleWrapper,io.cucumber.testng.FeatureWrapper)[pri:0, instance:Runner.TestRunner@2925bf5b]" started-at="2026-02-24T03:43:59 IST" name="runScenario" description="Runs Cucumber Scenarios" data-provider="scenarios" finished-at="2026-02-24T03:44:36 IST" duration-ms="37407" status="PASS">
          <params>
            <param index="0">
              <value>
                <![CDATA["Application Check"]]>
              </value>
            </param>
            <param index="1">
              <value>
                <![CDATA["Appointment Creation"]]>
              </value>
            </param>
          </params>
          <reporter-output>
          </reporter-output>
        </test-method> <!-- runScenario -->
        <test-method signature="runScenario(io.cucumber.testng.PickleWrapper,io.cucumber.testng.FeatureWrapper)[pri:0, instance:Runner.TestRunner@2925bf5b]" started-at="2026-02-24T03:44:36 IST" name="runScenario" description="Runs Cucumber Scenarios" data-provider="scenarios" finished-at="2026-02-24T03:45:10 IST" duration-ms="33522" status="PASS">
          <params>
            <param index="0">
              <value>
                <![CDATA["Application Check"]]>
              </value>
            </param>
            <param index="1">
              <value>
                <![CDATA["Appointment Creation"]]>
              </value>
            </param>
          </params>
          <reporter-output>
          </reporter-output>
        </test-method> <!-- runScenario -->
        <test-method signature="runScenario(io.cucumber.testng.PickleWrapper,io.cucumber.testng.FeatureWrapper)[pri:0, instance:Runner.TestRunner@2925bf5b]" started-at="2026-02-24T03:45:10 IST" name="runScenario" description="Runs Cucumber Scenarios" data-provider="scenarios" finished-at="2026-02-24T03:45:44 IST" duration-ms="33919" status="PASS">
          <params>
            <param index="0">
              <value>
                <![CDATA["Application Check"]]>
              </value>
            </param>
            <param index="1">
              <value>
                <![CDATA["Appointment Creation"]]>
              </value>
            </param>
          </params>
          <reporter-output>
          </reporter-output>
        </test-method> <!-- runScenario -->
        <test-method is-config="true" signature="tearDownClass()[pri:0, instance:Runner.TestRunner@2925bf5b]" started-at="2026-02-24T03:45:44 IST" name="tearDownClass" finished-at="2026-02-24T03:45:44 IST" duration-ms="31" status="PASS">
          <reporter-output>
          </reporter-output>
        </test-method> <!-- tearDownClass -->
      </class> <!-- Runner.TestRunner -->
    </test> <!-- Default test -->
  </suite> <!-- Default suite -->
</testng-results>
