<?xml version="1.0" encoding="UTF-8"?>
<!-- Generated by org.testng.reporters.JUnitReportReporter -->
<testsuite hostname="VDIAP000761-W11" failures="0" tests="3" name="Runner.TestRunner" time="104.848" errors="0" timestamp="2026-02-24T03:45:44 IST" skipped="0">
  <testcase classname="Runner.TestRunner" name="runScenario" time="33.522"/>
  <testcase classname="Runner.TestRunner" name="runScenario" time="37.407"/>
  <testcase classname="Runner.TestRunner" name="runScenario" time="33.919"/>
</testsuite> <!-- Runner.TestRunner -->
